{"E:\\Akshay Saini- ReactJS\\foodOrderApp\\src\\components\\Contact.js": {"path":"E:\\Akshay Saini- ReactJS\\foodOrderApp\\src\\components\\Contact.js","statementMap":{"0":{"start":{"line":3,"column":16},"end":{"line":14,"column":1}},"1":{"start":{"line":4,"column":2},"end":{"line":13,"column":3}}},"fnMap":{"0":{"name":"(anonymous_0)","decl":{"start":{"line":3,"column":16},"end":{"line":3,"column":17}},"loc":{"start":{"line":3,"column":22},"end":{"line":14,"column":1}},"line":3}},"branchMap":{},"s":{"0":1,"1":3},"f":{"0":3},"b":{},"_coverageSchema":"1a1c01bbd47fc00a2c39e90264f33305004495a9","hash":"e7c3a1e3dfe4d30c1d477e5d92f3bdd71dce803c"}
,"E:\\Akshay Saini- ReactJS\\foodOrderApp\\src\\components\\Header.js": {"path":"E:\\Akshay Saini- ReactJS\\foodOrderApp\\src\\components\\Header.js","statementMap":{"0":{"start":{"line":8,"column":15},"end":{"line":47,"column":1}},"1":{"start":{"line":9,"column":40},"end":{"line":9,"column":55}},"2":{"start":{"line":10,"column":27},"end":{"line":10,"column":50}},"3":{"start":{"line":11,"column":25},"end":{"line":11,"column":42}},"4":{"start":{"line":12,"column":22},"end":{"line":12,"column":64}},"5":{"start":{"line":12,"column":45},"end":{"line":12,"column":63}},"6":{"start":{"line":13,"column":4},"end":{"line":46,"column":5}},"7":{"start":{"line":39,"column":67},"end":{"line":39,"column":93}}},"fnMap":{"0":{"name":"(anonymous_0)","decl":{"start":{"line":8,"column":15},"end":{"line":8,"column":16}},"loc":{"start":{"line":8,"column":21},"end":{"line":47,"column":1}},"line":8},"1":{"name":"(anonymous_1)","decl":{"start":{"line":12,"column":34},"end":{"line":12,"column":35}},"loc":{"start":{"line":12,"column":45},"end":{"line":12,"column":63}},"line":12},"2":{"name":"(anonymous_2)","decl":{"start":{"line":39,"column":63},"end":{"line":39,"column":64}},"loc":{"start":{"line":39,"column":67},"end":{"line":39,"column":93}},"line":39}},"branchMap":{"0":{"loc":{"start":{"line":21,"column":40},"end":{"line":21,"column":65}},"type":"cond-expr","locations":[{"start":{"line":21,"column":55},"end":{"line":21,"column":58}},{"start":{"line":21,"column":61},"end":{"line":21,"column":65}}],"line":21},"1":{"loc":{"start":{"line":40,"column":29},"end":{"line":40,"column":64}},"type":"cond-expr","locations":[{"start":{"line":40,"column":42},"end":{"line":40,"column":54}},{"start":{"line":40,"column":57},"end":{"line":40,"column":64}}],"line":40}},"s":{"0":1,"1":9,"2":9,"3":9,"4":9,"5":17,"6":9,"7":1},"f":{"0":9,"1":17,"2":1},"b":{"0":[9,0],"1":[1,8]},"_coverageSchema":"1a1c01bbd47fc00a2c39e90264f33305004495a9","hash":"5c41d9759d10c5369a1b3bd6fc9d945b248d59f6"}
,"E:\\Akshay Saini- ReactJS\\foodOrderApp\\src\\components\\sum.js": {"path":"E:\\Akshay Saini- ReactJS\\foodOrderApp\\src\\components\\sum.js","statementMap":{"0":{"start":{"line":1,"column":19},"end":{"line":3,"column":1}},"1":{"start":{"line":2,"column":4},"end":{"line":2,"column":17}}},"fnMap":{"0":{"name":"(anonymous_0)","decl":{"start":{"line":1,"column":19},"end":{"line":1,"column":20}},"loc":{"start":{"line":1,"column":29},"end":{"line":3,"column":1}},"line":1}},"branchMap":{},"s":{"0":1,"1":1},"f":{"0":1},"b":{},"_coverageSchema":"1a1c01bbd47fc00a2c39e90264f33305004495a9","hash":"8c85bc2daa5e633f24add5251ff2f0e807afeb9f"}
,"E:\\Akshay Saini- ReactJS\\foodOrderApp\\src\\utils\\UserContext.js": {"path":"E:\\Akshay Saini- ReactJS\\foodOrderApp\\src\\utils\\UserContext.js","statementMap":{"0":{"start":{"line":3,"column":27},"end":{"line":5,"column":2}}},"fnMap":{},"branchMap":{},"s":{"0":1},"f":{},"b":{},"_coverageSchema":"1a1c01bbd47fc00a2c39e90264f33305004495a9","hash":"89b0f19cac884ed032d05bf751a08069cefaf04e"}
,"E:\\Akshay Saini- ReactJS\\foodOrderApp\\src\\utils\\appStore.js": {"path":"E:\\Akshay Saini- ReactJS\\foodOrderApp\\src\\utils\\appStore.js","statementMap":{"0":{"start":{"line":4,"column":17},"end":{"line":8,"column":2}}},"fnMap":{},"branchMap":{},"s":{"0":1},"f":{},"b":{},"_coverageSchema":"1a1c01bbd47fc00a2c39e90264f33305004495a9","hash":"eef4eac462f277402f8e66344e2f67a741131818"}
,"E:\\Akshay Saini- ReactJS\\foodOrderApp\\src\\utils\\cartSlice.js": {"path":"E:\\Akshay Saini- ReactJS\\foodOrderApp\\src\\utils\\cartSlice.js","statementMap":{"0":{"start":{"line":3,"column":18},"end":{"line":19,"column":2}},"1":{"start":{"line":10,"column":12},"end":{"line":10,"column":48}},"2":{"start":{"line":13,"column":12},"end":{"line":13,"column":32}},"3":{"start":{"line":16,"column":12},"end":{"line":16,"column":58}},"4":{"start":{"line":21,"column":48},"end":{"line":21,"column":66}}},"fnMap":{"0":{"name":"(anonymous_0)","decl":{"start":{"line":9,"column":17},"end":{"line":9,"column":18}},"loc":{"start":{"line":9,"column":36},"end":{"line":11,"column":9}},"line":9},"1":{"name":"(anonymous_1)","decl":{"start":{"line":12,"column":20},"end":{"line":12,"column":21}},"loc":{"start":{"line":12,"column":39},"end":{"line":14,"column":9}},"line":12},"2":{"name":"(anonymous_2)","decl":{"start":{"line":15,"column":19},"end":{"line":15,"column":20}},"loc":{"start":{"line":15,"column":30},"end":{"line":17,"column":9}},"line":15}},"branchMap":{},"s":{"0":1,"1":0,"2":0,"3":0,"4":1},"f":{"0":0,"1":0,"2":0},"b":{},"_coverageSchema":"1a1c01bbd47fc00a2c39e90264f33305004495a9","hash":"078baa7a829259948e6144fc8315b8c70e380038"}
,"E:\\Akshay Saini- ReactJS\\foodOrderApp\\src\\utils\\constants.js": {"path":"E:\\Akshay Saini- ReactJS\\foodOrderApp\\src\\utils\\constants.js","statementMap":{"0":{"start":{"line":1,"column":20},"end":{"line":1,"column":99}},"1":{"start":{"line":2,"column":34},"end":{"line":2,"column":117}},"2":{"start":{"line":3,"column":29},"end":{"line":3,"column":70}}},"fnMap":{},"branchMap":{},"s":{"0":1,"1":1,"2":1},"f":{},"b":{},"_coverageSchema":"1a1c01bbd47fc00a2c39e90264f33305004495a9","hash":"adb9e213bac55b86f15cb36ace53bfaa53d9a4cc"}
,"E:\\Akshay Saini- ReactJS\\foodOrderApp\\src\\utils\\useOnlineStatus.js": {"path":"E:\\Akshay Saini- ReactJS\\foodOrderApp\\src\\utils\\useOnlineStatus.js","statementMap":{"0":{"start":{"line":4,"column":24},"end":{"line":17,"column":1}},"1":{"start":{"line":5,"column":44},"end":{"line":5,"column":58}},"2":{"start":{"line":7,"column":4},"end":{"line":14,"column":11}},"3":{"start":{"line":8,"column":8},"end":{"line":10,"column":11}},"4":{"start":{"line":9,"column":12},"end":{"line":9,"column":35}},"5":{"start":{"line":11,"column":8},"end":{"line":13,"column":10}},"6":{"start":{"line":12,"column":12},"end":{"line":12,"column":34}},"7":{"start":{"line":16,"column":4},"end":{"line":16,"column":24}}},"fnMap":{"0":{"name":"(anonymous_0)","decl":{"start":{"line":4,"column":24},"end":{"line":4,"column":25}},"loc":{"start":{"line":4,"column":30},"end":{"line":17,"column":1}},"line":4},"1":{"name":"(anonymous_1)","decl":{"start":{"line":7,"column":14},"end":{"line":7,"column":15}},"loc":{"start":{"line":7,"column":18},"end":{"line":14,"column":5}},"line":7},"2":{"name":"(anonymous_2)","decl":{"start":{"line":8,"column":43},"end":{"line":8,"column":44}},"loc":{"start":{"line":8,"column":47},"end":{"line":10,"column":9}},"line":8},"3":{"name":"(anonymous_3)","decl":{"start":{"line":11,"column":42},"end":{"line":11,"column":43}},"loc":{"start":{"line":11,"column":46},"end":{"line":13,"column":9}},"line":11}},"branchMap":{},"s":{"0":1,"1":9,"2":9,"3":8,"4":0,"5":8,"6":0,"7":9},"f":{"0":9,"1":8,"2":0,"3":0},"b":{},"_coverageSchema":"1a1c01bbd47fc00a2c39e90264f33305004495a9","hash":"68bcf27fb7d77dcba58ba95cf83e7a3d7ad1ebf9"}
}
